Build started 05.03.2015 5:39:14.
     1>Project "C:\VS Projects\tcp_AuctionSystem\tcp_AuctionSystem\tcp_AuctionSystem.vcxproj" on node 2 (Build target(s)).
     1>ClCompile:
         C:\Program Files (x86)\Microsoft Visual Studio 12.0\VC\bin\CL.exe /c /ZI /nologo /W3 /WX- /Od /Oy- /D WIN32 /D _DEBUG /D _CONSOLE /D _LIB /D _MBCS /Gm /EHsc /RTC1 /MDd /GS /fp:precise /Zc:wchar_t /Zc:forScope /Fo"Debug\\" /Fd"Debug\vc120.pdb" /Gd /TP /analyze- /errorReport:prompt tcp_AuctionSystem.cpp
         tcp_AuctionSystem.cpp
     1>c:\vs projects\tcp_auctionsystem\tcp_auctionsystem\tcp_auctionsystem.cpp(96): warning C4018: '>' : signed/unsigned mismatch
     1>c:\vs projects\tcp_auctionsystem\tcp_auctionsystem\tcp_auctionsystem.cpp(109): warning C4018: '<' : signed/unsigned mismatch
     1>c:\vs projects\tcp_auctionsystem\tcp_auctionsystem\tcp_auctionsystem.cpp(138): warning C4996: 'itoa': The POSIX name for this item is deprecated. Instead, use the ISO C++ conformant name: _itoa. See online help for details.
                 c:\program files (x86)\microsoft visual studio 12.0\vc\include\stdlib.h(937) : see declaration of 'itoa'
     1>c:\vs projects\tcp_auctionsystem\tcp_auctionsystem\tcp_auctionsystem.cpp(182): warning C4996: 'sprintf': This function or variable may be unsafe. Consider using sprintf_s instead. To disable deprecation, use _CRT_SECURE_NO_WARNINGS. See online help for details.
                 c:\program files (x86)\microsoft visual studio 12.0\vc\include\stdio.h(356) : see declaration of 'sprintf'
     1>c:\vs projects\tcp_auctionsystem\tcp_auctionsystem\tcp_auctionsystem.cpp(183): warning C4996: 'sprintf': This function or variable may be unsafe. Consider using sprintf_s instead. To disable deprecation, use _CRT_SECURE_NO_WARNINGS. See online help for details.
                 c:\program files (x86)\microsoft visual studio 12.0\vc\include\stdio.h(356) : see declaration of 'sprintf'
     1>c:\vs projects\tcp_auctionsystem\tcp_auctionsystem\tcp_auctionsystem.cpp(184): warning C4996: 'sprintf': This function or variable may be unsafe. Consider using sprintf_s instead. To disable deprecation, use _CRT_SECURE_NO_WARNINGS. See online help for details.
                 c:\program files (x86)\microsoft visual studio 12.0\vc\include\stdio.h(356) : see declaration of 'sprintf'
     1>c:\vs projects\tcp_auctionsystem\tcp_auctionsystem\tcp_auctionsystem.cpp(186): warning C4996: 'sprintf': This function or variable may be unsafe. Consider using sprintf_s instead. To disable deprecation, use _CRT_SECURE_NO_WARNINGS. See online help for details.
                 c:\program files (x86)\microsoft visual studio 12.0\vc\include\stdio.h(356) : see declaration of 'sprintf'
     1>c:\vs projects\tcp_auctionsystem\tcp_auctionsystem\tcp_auctionsystem.cpp(188): warning C4996: 'sprintf': This function or variable may be unsafe. Consider using sprintf_s instead. To disable deprecation, use _CRT_SECURE_NO_WARNINGS. See online help for details.
                 c:\program files (x86)\microsoft visual studio 12.0\vc\include\stdio.h(356) : see declaration of 'sprintf'
     1>c:\vs projects\tcp_auctionsystem\tcp_auctionsystem\tcp_auctionsystem.cpp(210): warning C4996: 'strtok': This function or variable may be unsafe. Consider using strtok_s instead. To disable deprecation, use _CRT_SECURE_NO_WARNINGS. See online help for details.
                 c:\program files (x86)\microsoft visual studio 12.0\vc\include\string.h(204) : see declaration of 'strtok'
     1>c:\vs projects\tcp_auctionsystem\tcp_auctionsystem\tcp_auctionsystem.cpp(212): warning C4996: 'strtok': This function or variable may be unsafe. Consider using strtok_s instead. To disable deprecation, use _CRT_SECURE_NO_WARNINGS. See online help for details.
                 c:\program files (x86)\microsoft visual studio 12.0\vc\include\string.h(204) : see declaration of 'strtok'
     1>c:\vs projects\tcp_auctionsystem\tcp_auctionsystem\tcp_auctionsystem.cpp(214): warning C4996: 'sprintf': This function or variable may be unsafe. Consider using sprintf_s instead. To disable deprecation, use _CRT_SECURE_NO_WARNINGS. See online help for details.
                 c:\program files (x86)\microsoft visual studio 12.0\vc\include\stdio.h(356) : see declaration of 'sprintf'
     1>c:\vs projects\tcp_auctionsystem\tcp_auctionsystem\tcp_auctionsystem.cpp(221): warning C4996: 'strtok': This function or variable may be unsafe. Consider using strtok_s instead. To disable deprecation, use _CRT_SECURE_NO_WARNINGS. See online help for details.
                 c:\program files (x86)\microsoft visual studio 12.0\vc\include\string.h(204) : see declaration of 'strtok'
     1>c:\vs projects\tcp_auctionsystem\tcp_auctionsystem\tcp_auctionsystem.cpp(223): warning C4996: 'sprintf': This function or variable may be unsafe. Consider using sprintf_s instead. To disable deprecation, use _CRT_SECURE_NO_WARNINGS. See online help for details.
                 c:\program files (x86)\microsoft visual studio 12.0\vc\include\stdio.h(356) : see declaration of 'sprintf'
     1>c:\vs projects\tcp_auctionsystem\tcp_auctionsystem\tcp_auctionsystem.cpp(233): warning C4996: 'sprintf': This function or variable may be unsafe. Consider using sprintf_s instead. To disable deprecation, use _CRT_SECURE_NO_WARNINGS. See online help for details.
                 c:\program files (x86)\microsoft visual studio 12.0\vc\include\stdio.h(356) : see declaration of 'sprintf'
     1>c:\vs projects\tcp_auctionsystem\tcp_auctionsystem\tcp_auctionsystem.cpp(235): warning C4996: 'sprintf': This function or variable may be unsafe. Consider using sprintf_s instead. To disable deprecation, use _CRT_SECURE_NO_WARNINGS. See online help for details.
                 c:\program files (x86)\microsoft visual studio 12.0\vc\include\stdio.h(356) : see declaration of 'sprintf'
     1>c:\vs projects\tcp_auctionsystem\tcp_auctionsystem\tcp_auctionsystem.cpp(238): warning C4996: 'sprintf': This function or variable may be unsafe. Consider using sprintf_s instead. To disable deprecation, use _CRT_SECURE_NO_WARNINGS. See online help for details.
                 c:\program files (x86)\microsoft visual studio 12.0\vc\include\stdio.h(356) : see declaration of 'sprintf'
     1>c:\vs projects\tcp_auctionsystem\tcp_auctionsystem\tcp_auctionsystem.cpp(251): warning C4996: 'strtok': This function or variable may be unsafe. Consider using strtok_s instead. To disable deprecation, use _CRT_SECURE_NO_WARNINGS. See online help for details.
                 c:\program files (x86)\microsoft visual studio 12.0\vc\include\string.h(204) : see declaration of 'strtok'
     1>c:\vs projects\tcp_auctionsystem\tcp_auctionsystem\tcp_auctionsystem.cpp(254): warning C4996: 'strtok': This function or variable may be unsafe. Consider using strtok_s instead. To disable deprecation, use _CRT_SECURE_NO_WARNINGS. See online help for details.
                 c:\program files (x86)\microsoft visual studio 12.0\vc\include\string.h(204) : see declaration of 'strtok'
     1>c:\vs projects\tcp_auctionsystem\tcp_auctionsystem\tcp_auctionsystem.cpp(256): warning C4996: 'sprintf': This function or variable may be unsafe. Consider using sprintf_s instead. To disable deprecation, use _CRT_SECURE_NO_WARNINGS. See online help for details.
                 c:\program files (x86)\microsoft visual studio 12.0\vc\include\stdio.h(356) : see declaration of 'sprintf'
     1>c:\vs projects\tcp_auctionsystem\tcp_auctionsystem\tcp_auctionsystem.cpp(262): warning C4996: 'strtok': This function or variable may be unsafe. Consider using strtok_s instead. To disable deprecation, use _CRT_SECURE_NO_WARNINGS. See online help for details.
                 c:\program files (x86)\microsoft visual studio 12.0\vc\include\string.h(204) : see declaration of 'strtok'
     1>c:\vs projects\tcp_auctionsystem\tcp_auctionsystem\tcp_auctionsystem.cpp(264): warning C4996: 'sprintf': This function or variable may be unsafe. Consider using sprintf_s instead. To disable deprecation, use _CRT_SECURE_NO_WARNINGS. See online help for details.
                 c:\program files (x86)\microsoft visual studio 12.0\vc\include\stdio.h(356) : see declaration of 'sprintf'
     1>c:\vs projects\tcp_auctionsystem\tcp_auctionsystem\tcp_auctionsystem.cpp(273): warning C4018: '<' : signed/unsigned mismatch
     1>c:\vs projects\tcp_auctionsystem\tcp_auctionsystem\tcp_auctionsystem.cpp(277): warning C4996: 'sprintf': This function or variable may be unsafe. Consider using sprintf_s instead. To disable deprecation, use _CRT_SECURE_NO_WARNINGS. See online help for details.
                 c:\program files (x86)\microsoft visual studio 12.0\vc\include\stdio.h(356) : see declaration of 'sprintf'
     1>c:\vs projects\tcp_auctionsystem\tcp_auctionsystem\tcp_auctionsystem.cpp(279): warning C4996: 'sprintf': This function or variable may be unsafe. Consider using sprintf_s instead. To disable deprecation, use _CRT_SECURE_NO_WARNINGS. See online help for details.
                 c:\program files (x86)\microsoft visual studio 12.0\vc\include\stdio.h(356) : see declaration of 'sprintf'
     1>c:\vs projects\tcp_auctionsystem\tcp_auctionsystem\tcp_auctionsystem.cpp(282): warning C4996: 'sprintf': This function or variable may be unsafe. Consider using sprintf_s instead. To disable deprecation, use _CRT_SECURE_NO_WARNINGS. See online help for details.
                 c:\program files (x86)\microsoft visual studio 12.0\vc\include\stdio.h(356) : see declaration of 'sprintf'
     1>c:\vs projects\tcp_auctionsystem\tcp_auctionsystem\tcp_auctionsystem.cpp(395): warning C4101: 'buf' : unreferenced local variable
     1>c:\vs projects\tcp_auctionsystem\tcp_auctionsystem\tcp_auctionsystem.cpp(521): warning C4996: 'strtok': This function or variable may be unsafe. Consider using strtok_s instead. To disable deprecation, use _CRT_SECURE_NO_WARNINGS. See online help for details.
                 c:\program files (x86)\microsoft visual studio 12.0\vc\include\string.h(204) : see declaration of 'strtok'
     1>c:\vs projects\tcp_auctionsystem\tcp_auctionsystem\tcp_auctionsystem.cpp(522): warning C4996: 'strtok': This function or variable may be unsafe. Consider using strtok_s instead. To disable deprecation, use _CRT_SECURE_NO_WARNINGS. See online help for details.
                 c:\program files (x86)\microsoft visual studio 12.0\vc\include\string.h(204) : see declaration of 'strtok'
     1>c:\vs projects\tcp_auctionsystem\tcp_auctionsystem\tcp_auctionsystem.cpp(470): warning C4101: 'n' : unreferenced local variable
     1>c:\vs projects\tcp_auctionsystem\tcp_auctionsystem\tcp_auctionsystem.cpp(465): warning C4101: 'new_socket' : unreferenced local variable
     1>c:\vs projects\tcp_auctionsystem\tcp_auctionsystem\tcp_auctionsystem.cpp(467): warning C4101: 'c' : unreferenced local variable
       Link:
         C:\Program Files (x86)\Microsoft Visual Studio 12.0\VC\bin\link.exe /ERRORREPORT:PROMPT /OUT:"C:\VS Projects\tcp_AuctionSystem\Debug\tcp_AuctionSystem.exe" /INCREMENTAL /NOLOGO kernel32.lib user32.lib gdi32.lib winspool.lib comdlg32.lib advapi32.lib shell32.lib ole32.lib oleaut32.lib uuid.lib odbc32.lib odbccp32.lib /MANIFEST /MANIFESTUAC:"level='asInvoker' uiAccess='false'" /manifest:embed /DEBUG /PDB:"C:\VS Projects\tcp_AuctionSystem\Debug\tcp_AuctionSystem.pdb" /SUBSYSTEM:CONSOLE /TLBID:1 /DYNAMICBASE /NXCOMPAT /IMPLIB:"C:\VS Projects\tcp_AuctionSystem\Debug\tcp_AuctionSystem.lib" /MACHINE:X86 Debug\stdafx.obj
         Debug\tcp_AuctionSystem.obj
         tcp_AuctionSystem.vcxproj -> C:\VS Projects\tcp_AuctionSystem\Debug\tcp_AuctionSystem.exe
     1>Done Building Project "C:\VS Projects\tcp_AuctionSystem\tcp_AuctionSystem\tcp_AuctionSystem.vcxproj" (Build target(s)).

Build succeeded.

Time Elapsed 00:00:03.90
